2020.06.25 12:03:49 INFO  started: Metals version 0.9.0 in workspace '/home/javi/Desktop/Workspaces/Java/consumer'
2020.06.25 12:03:50 INFO  time: initialize in 0.84s
2020.06.25 12:03:58 INFO  running '/usr/lib/jvm/jdk1.8.0_251/bin/java -Djline.terminal=jline.UnsupportedTerminal -Dsbt.log.noformat=true -Dfile.encoding=UTF-8 -jar /tmp/metals6583091273050852240/sbt-launch.jar -Dbloop.export-jar-classifiers=sources bloopInstall'
2020.06.25 12:03:59 INFO  skipping build import with status 'Started'
2020.06.25 12:04:06 INFO  [info] welcome to sbt 1.3.12 (Oracle Corporation Java 1.8.0_251)
2020.06.25 12:04:10 INFO  [info] loading global plugins from /home/javi/.sbt/1.0/plugins
2020.06.25 12:04:16 INFO  [info] loading settings for project consumer-build from metals.sbt ...
2020.06.25 12:04:16 INFO  [info] loading project definition from /home/javi/Desktop/Workspaces/Java/consumer/project
2020.06.25 12:04:22 INFO  [warn] There may be incompatibilities among your library dependencies; run 'evicted' to see detailed eviction warnings.
2020.06.25 12:04:25 INFO  [info] loading settings for project consumer from build.sbt ...
2020.06.25 12:04:25 INFO  [info] set current project to consumer (in build file:/home/javi/Desktop/Workspaces/Java/consumer/)
2020.06.25 12:04:27 INFO  [success] Generated .bloop/consumer.json
2020.06.25 12:04:27 INFO  [success] Generated .bloop/consumer-test.json
2020.06.25 12:04:27 INFO  [success] Total time: 1 s, completed 25-Jun-2020 12:04:27
2020.06.25 12:04:27 INFO  build tool exit: 0
2020.06.25 12:04:27 INFO  time: ran 'sbt bloopInstall' in 29s
Starting the bsp launcher for bloop...
Opening a bsp server connection with 'bsp --protocol local --socket /tmp/bsp-launcher7313872125651116071/bsp.socket'...
Waiting for the bsp connection to come up...
Waiting for the bsp connection to come up...
Waiting for the bsp connection to come up...
Waiting for the bsp connection to come up...
Waiting for the bsp connection to come up...
Waiting for the bsp connection to come up...
No server running at 127.0.0.1:8212, let's fire one...
Resolving ch.epfl.scala:bloop-frontend_2.12:1.4.0-RC1-229-b7c15aa9...
Starting bloop server at 127.0.0.1:8212...
Attempting a connection to the server...
Attempting a connection to the server...
Attempting a connection to the server...
Attempting a connection to the server...
Attempting a connection to the server...
Attempting a connection to the server...
Attempting a connection to the server...
[0m[32m[D][0m Loading 2 projects from '/home/javi/Desktop/Workspaces/Java/consumer/.bloop'...
[0m[32m[D][0m Loading project from '/home/javi/Desktop/Workspaces/Java/consumer/.bloop/consumer-test.json'
[0m[32m[D][0m Loading project from '/home/javi/Desktop/Workspaces/Java/consumer/.bloop/consumer.json'
[0m[32m[D][0m Cache miss for scala instance org.scala-lang:scala-compiler:2.13.2.
[0m[32m[D][0m   => /home/javi/.cache/coursier/v1/https/repo1.maven.org/maven2/net/java/dev/jna/jna/5.3.1/jna-5.3.1.jar
[0m[32m[D][0m   => /home/javi/.cache/coursier/v1/https/repo1.maven.org/maven2/org/jline/jline/3.14.1/jline-3.14.1.jar
[0m[32m[D][0m   => /home/javi/.cache/coursier/v1/https/repo1.maven.org/maven2/org/scala-lang/scala-compiler/2.13.2/scala-compiler-2.13.2.jar
[0m[32m[D][0m   => /home/javi/.cache/coursier/v1/https/repo1.maven.org/maven2/org/scala-lang/scala-library/2.13.2/scala-library-2.13.2.jar
[0m[32m[D][0m   => /home/javi/.cache/coursier/v1/https/repo1.maven.org/maven2/org/scala-lang/scala-reflect/2.13.2/scala-reflect-2.13.2.jar
[0m[32m[D][0m Missing analysis file for project 'consumer'
[0m[32m[D][0m Missing analysis file for project 'consumer-test'
[0m[32m[D][0m Waiting for a connection at local:///tmp/bsp-launcher7313872125651116071/bsp.socket...
The server is listening for incoming connections at local:///tmp/bsp-launcher7313872125651116071/bsp.socket...
Starting thread that pumps stdin and redirects it to the bsp server...
Starting thread that pumps server stdout and redirects it to the client stdout...
2020.06.25 12:04:34 INFO  tracing is disabled for protocol BSP, to enable tracing of incoming and outgoing JSON messages create an empty file at /home/javi/.cache/metals/bsp.trace.json
2020.06.25 12:04:36 INFO  no build target: using presentation compiler with only scala-library
2020.06.25 12:04:39 INFO  time: connected to build server in 11s
2020.06.25 12:04:39 INFO  Connected to Build server v1.4.0-RC1-229-b7c15aa9
2020.06.25 12:04:39 INFO  time: imported build in 0.26s
Jun 25, 2020 12:04:41 PM org.eclipse.lsp4j.jsonrpc.RemoteEndpoint handleCancellation
WARNING: Unmatched cancel notification for request id 4
Jun 25, 2020 12:04:41 PM org.eclipse.lsp4j.jsonrpc.RemoteEndpoint handleCancellation
WARNING: Unmatched cancel notification for request id 1
2020.06.25 12:04:44 INFO  time: indexed workspace in 4.64s
2020.06.25 12:04:45 INFO  compiling consumer (1 scala source)
2020.06.25 12:04:45 INFO  Deduplicating compilation of consumer from bsp client 'Metals 0.9.0' (since 11.91s)
Jun 25, 2020 12:04:46 PM org.eclipse.lsp4j.jsonrpc.RemoteEndpoint handleCancellation
WARNING: Unmatched cancel notification for request id 6
2020.06.25 12:04:46 INFO  compiling consumer (1 scala source)
2020.06.25 12:05:05 INFO  time: compiled consumer in 18s
2020.06.25 12:05:05 INFO  compiling consumer (1 scala source)
2020.06.25 12:05:05 INFO  time: compiled consumer in 0.18s
2020.06.25 12:05:52 INFO  compiling consumer (1 scala source)
2020.06.25 12:05:52 INFO  time: compiled consumer in 0.29s
2020.06.25 12:05:52 INFO  compiling consumer (1 scala source)
2020.06.25 12:05:52 INFO  time: compiled consumer in 0.12s
2020.06.25 12:05:55 INFO  shutting down Metals
No more data in the client stdin, exiting...
No more data in the server stdin, exiting...
No more data in the server stdin, exiting...
